#
# There is insufficient memory for the Java Runtime Environment to continue.
# Native memory allocation (malloc) failed to allocate 263328 bytes for Chunk::new
# Possible reasons:
#   The system is out of physical RAM or swap space
#   The process is running with CompressedOops enabled, and the Java Heap may be blocking the growth of the native heap
# Possible solutions:
#   Reduce memory load on the system
#   Increase physical memory or swap space
#   Check if swap backing store is full
#   Decrease Java heap size (-Xmx/-Xms)
#   Decrease number of Java threads
#   Decrease Java thread stack sizes (-Xss)
#   Set larger code cache with -XX:ReservedCodeCacheSize=
#   JVM is running with Zero Based Compressed Oops mode in which the Java heap is
#     placed in the first 32GB address space. The Java Heap base address is the
#     maximum limit for the native heap growth. Please use -XX:HeapBaseMinAddress
#     to set the Java Heap base and to place the Java Heap above 32GB virtual address.
# This output file may be truncated or incomplete.
#
#  Out of Memory Error (allocation.cpp:389), pid=11396, tid=0x00000000000042dc
#
# JRE version: OpenJDK Runtime Environment (8.0_202-b03) (build 1.8.0_202-release-1483-b03)
# Java VM: OpenJDK 64-Bit Server VM (25.202-b03 mixed mode windows-amd64 compressed oops)
# Failed to write core dump. Minidumps are not enabled by default on client versions of Windows
#

---------------  T H R E A D  ---------------

Current thread (0x000000001e253800):  JavaThread "C2 CompilerThread0" daemon [_thread_in_native, id=17116, stack(0x000000001eb20000,0x000000001ec20000)]

Stack: [0x000000001eb20000,0x000000001ec20000]
[error occurred during error reporting (printing stack bounds), id 0xc0000005]

Native frames: (J=compiled Java code, j=interpreted, Vv=VM code, C=native code)


Current CompileTask:
C2:   3208 4429       4       org.jetbrains.kotlin.serialization.deserialization.descriptors.DeserializedMemberScope::getContributedClassifier (65 bytes)


---------------  P R O C E S S  ---------------

Java Threads: ( => current thread )
  0x000000001e275000 JavaThread "Service Thread" daemon [_thread_blocked, id=15624, stack(0x000000001ef20000,0x000000001f020000)]
  0x000000001c44c000 JavaThread "C1 CompilerThread3" daemon [_thread_in_native, id=21660, stack(0x000000001ee20000,0x000000001ef20000)]
  0x000000001e257800 JavaThread "C2 CompilerThread2" daemon [_thread_in_native, id=19248, stack(0x000000001ed20000,0x000000001ee20000)]
  0x000000001e256800 JavaThread "C2 CompilerThread1" daemon [_thread_in_native, id=2140, stack(0x000000001ec20000,0x000000001ed20000)]
=>0x000000001e253800 JavaThread "C2 CompilerThread0" daemon [_thread_in_native, id=17116, stack(0x000000001eb20000,0x000000001ec20000)]
  0x000000001e24f000 JavaThread "Attach Listener" daemon [_thread_blocked, id=11420, stack(0x000000001ea20000,0x000000001eb20000)]
  0x000000001e24e000 JavaThread "Signal Dispatcher" daemon [_thread_blocked, id=14072, stack(0x000000001e920000,0x000000001ea20000)]
  0x0000000002b0a800 JavaThread "Finalizer" daemon [_thread_blocked, id=21976, stack(0x000000001e720000,0x000000001e820000)]
  0x000000001e240800 JavaThread "Reference Handler" daemon [_thread_blocked, id=6244, stack(0x000000001e620000,0x000000001e720000)]
  0x0000000002a15000 JavaThread "main" [_thread_in_Java, id=22232, stack(0x0000000002860000,0x0000000002960000)]

Other Threads:
  0x000000001c436000 VMThread [stack: 0x000000001e120000,0x000000001e220000] [id=6936]
  0x000000001e276000 WatcherThread [stack: 0x000000001f020000,0x000000001f120000] [id=19640]

VM state:not at safepoint (normal execution)

VM Mutex/Monitor currently owned by a thread: None

heap address: 0x00000006c3600000, size: 4042 MB, Compressed Oops mode: Zero based, Oop shift amount: 3
Narrow klass base: 0x0000000000000000, Narrow klass shift: 3
Compressed class space size: 1073741824 Address: 0x00000007c0000000

Heap:
 PSYoungGen      total 107008K, used 16878K [0x000000076bd00000, 0x0000000776900000, 0x00000007c0000000)
  eden space 96256K, 6% used [0x000000076bd00000,0x000000076c2fc718,0x0000000771b00000)
  from space 10752K, 99% used [0x0000000771b00000,0x000000077257f328,0x0000000772580000)
  to   space 20480K, 0% used [0x0000000775500000,0x0000000775500000,0x0000000776900000)
 ParOldGen       total 182272K, used 26079K [0x00000006c3600000, 0x00000006ce800000, 0x000000076bd00000)
  object space 182272K, 14% used [0x00000006c3600000,0x00000006c4f77e48,0x00000006ce800000)
 Metaspace       used 41521K, capacity 42204K, committed 42496K, reserved 1087488K
  class space    used 5161K, capacity 5345K, committed 5376K, reserved 1048576K

Card table byte_map: [0x0000000011ed0000,0x00000000126c0000] byte_map_base: 0x000000000e8b5000

Marking Bits: (ParMarkBitMap*) 0x0000000072209f30
 Begin Bits: [0x0000000013410000, 0x0000000017338000)
 End Bits:   [0x0000000017338000, 0x000000001b260000)

Polling page: 0x0000000000b50000

CodeCache: size=245760Kb used=14829Kb max_used=14829Kb free=230930Kb
 bounds [0x0000000002b10000, 0x00000000039a0000, 0x0000000011b10000]
 total_blobs=4917 nmethods=4461 adapters=369
 compilation: enabled

Compilation events (10 events):
Event: 3.185 Thread 0x000000001c44c000 4449       3       org.jetbrains.kotlin.descriptors.impl.AbstractTypeParameterDescriptor$TypeParameterTypeConstructor::getDeclarationDescriptor (13 bytes)
Event: 3.185 Thread 0x000000001c44c000 nmethod 4449 0x00000000039872d0 code [0x0000000003987440, 0x0000000003987628]
Event: 3.189 Thread 0x000000001c44c000 4450       3       org.jetbrains.kotlin.types.checker.ClassicTypeCheckerContext::<init> (15 bytes)
Event: 3.190 Thread 0x000000001c44c000 nmethod 4450 0x00000000039876d0 code [0x0000000003987840, 0x0000000003987af0]
Event: 3.190 Thread 0x000000001c44c000 4451       3       org.jetbrains.kotlin.types.checker.ClassicTypeCheckerContext::<init> (15 bytes)
Event: 3.190 Thread 0x000000001c44c000 nmethod 4451 0x0000000003987c50 code [0x0000000003987dc0, 0x0000000003987fd0]
Event: 3.190 Thread 0x000000001c44c000 4452       3       org.jetbrains.kotlin.builtins.KotlinBuiltIns::isNothing (29 bytes)
Event: 3.190 Thread 0x000000001c44c000 nmethod 4452 0x00000000039880d0 code [0x00000000039882a0, 0x0000000003988828]
Event: 3.196 Thread 0x000000001e256800 nmethod 4430 0x000000000398d450 code [0x000000000398d760, 0x000000000398f440]
Event: 3.196 Thread 0x000000001e256800 4435       4       org.jetbrains.kotlin.serialization.deserialization.descriptors.DeserializedPackageMemberScope::recordLookup (32 bytes)

GC Heap History (10 events):
Event: 1.183 GC heap before
{Heap before GC invocations=3 (full 1):
 PSYoungGen      total 75776K, used 8924K [0x000000076bd00000, 0x0000000775100000, 0x00000007c0000000)
  eden space 65024K, 0% used [0x000000076bd00000,0x000000076bd00000,0x000000076fc80000)
  from space 10752K, 82% used [0x0000000770700000,0x0000000770fb7020,0x0000000771180000)
  to   space 10752K, 0% used [0x000000076fc80000,0x000000076fc80000,0x0000000770700000)
 ParOldGen       total 173568K, used 4732K [0x00000006c3600000, 0x00000006cdf80000, 0x000000076bd00000)
  object space 173568K, 2% used [0x00000006c3600000,0x00000006c3a9f2b0,0x00000006cdf80000)
 Metaspace       used 20758K, capacity 21130K, committed 21296K, reserved 1069056K
  class space    used 2482K, capacity 2629K, committed 2688K, reserved 1048576K
Event: 1.206 GC heap after
Heap after GC invocations=3 (full 1):
 PSYoungGen      total 75776K, used 0K [0x000000076bd00000, 0x0000000775100000, 0x00000007c0000000)
  eden space 65024K, 0% used [0x000000076bd00000,0x000000076bd00000,0x000000076fc80000)
  from space 10752K, 0% used [0x0000000770700000,0x0000000770700000,0x0000000771180000)
  to   space 10752K, 0% used [0x000000076fc80000,0x000000076fc80000,0x0000000770700000)
 ParOldGen       total 113664K, used 8662K [0x00000006c3600000, 0x00000006ca500000, 0x000000076bd00000)
  object space 113664K, 7% used [0x00000006c3600000,0x00000006c3e75950,0x00000006ca500000)
 Metaspace       used 20758K, capacity 21130K, committed 21296K, reserved 1069056K
  class space    used 2482K, capacity 2629K, committed 2688K, reserved 1048576K
}
Event: 1.847 GC heap before
{Heap before GC invocations=4 (full 1):
 PSYoungGen      total 75776K, used 65024K [0x000000076bd00000, 0x0000000775100000, 0x00000007c0000000)
  eden space 65024K, 100% used [0x000000076bd00000,0x000000076fc80000,0x000000076fc80000)
  from space 10752K, 0% used [0x0000000770700000,0x0000000770700000,0x0000000771180000)
  to   space 10752K, 0% used [0x000000076fc80000,0x000000076fc80000,0x0000000770700000)
 ParOldGen       total 113664K, used 8662K [0x00000006c3600000, 0x00000006ca500000, 0x000000076bd00000)
  object space 113664K, 7% used [0x00000006c3600000,0x00000006c3e75950,0x00000006ca500000)
 Metaspace       used 29807K, capacity 30344K, committed 30720K, reserved 1075200K
  class space    used 3842K, capacity 3992K, committed 4096K, reserved 1048576K
Event: 1.857 GC heap after
Heap after GC invocations=4 (full 1):
 PSYoungGen      total 75776K, used 10737K [0x000000076bd00000, 0x0000000773000000, 0x00000007c0000000)
  eden space 65024K, 0% used [0x000000076bd00000,0x000000076bd00000,0x000000076fc80000)
  from space 10752K, 99% used [0x000000076fc80000,0x00000007706fc5c8,0x0000000770700000)
  to   space 10752K, 0% used [0x0000000772580000,0x0000000772580000,0x0000000773000000)
 ParOldGen       total 113664K, used 14351K [0x00000006c3600000, 0x00000006ca500000, 0x000000076bd00000)
  object space 113664K, 12% used [0x00000006c3600000,0x00000006c4403dc8,0x00000006ca500000)
 Metaspace       used 29807K, capacity 30344K, committed 30720K, reserved 1075200K
  class space    used 3842K, capacity 3992K, committed 4096K, reserved 1048576K
}
Event: 2.166 GC heap before
{Heap before GC invocations=5 (full 1):
 PSYoungGen      total 75776K, used 38491K [0x000000076bd00000, 0x0000000773000000, 0x00000007c0000000)
  eden space 65024K, 42% used [0x000000076bd00000,0x000000076d81aa00,0x000000076fc80000)
  from space 10752K, 99% used [0x000000076fc80000,0x00000007706fc5c8,0x0000000770700000)
  to   space 10752K, 0% used [0x0000000772580000,0x0000000772580000,0x0000000773000000)
 ParOldGen       total 113664K, used 14351K [0x00000006c3600000, 0x00000006ca500000, 0x000000076bd00000)
  object space 113664K, 12% used [0x00000006c3600000,0x00000006c4403dc8,0x00000006ca500000)
 Metaspace       used 34787K, capacity 35272K, committed 35456K, reserved 1079296K
  class space    used 4508K, capacity 4662K, committed 4736K, reserved 1048576K
Event: 2.173 GC heap after
Heap after GC invocations=5 (full 1):
 PSYoungGen      total 107008K, used 10736K [0x000000076bd00000, 0x0000000773100000, 0x00000007c0000000)
  eden space 96256K, 0% used [0x000000076bd00000,0x000000076bd00000,0x0000000771b00000)
  from space 10752K, 99% used [0x0000000772580000,0x0000000772ffc350,0x0000000773000000)
  to   space 10752K, 0% used [0x0000000771b00000,0x0000000771b00000,0x0000000772580000)
 ParOldGen       total 113664K, used 17036K [0x00000006c3600000, 0x00000006ca500000, 0x000000076bd00000)
  object space 113664K, 14% used [0x00000006c3600000,0x00000006c46a31f0,0x00000006ca500000)
 Metaspace       used 34787K, capacity 35272K, committed 35456K, reserved 1079296K
  class space    used 4508K, capacity 4662K, committed 4736K, reserved 1048576K
}
Event: 2.173 GC heap before
{Heap before GC invocations=6 (full 2):
 PSYoungGen      total 107008K, used 10736K [0x000000076bd00000, 0x0000000773100000, 0x00000007c0000000)
  eden space 96256K, 0% used [0x000000076bd00000,0x000000076bd00000,0x0000000771b00000)
  from space 10752K, 99% used [0x0000000772580000,0x0000000772ffc350,0x0000000773000000)
  to   space 10752K, 0% used [0x0000000771b00000,0x0000000771b00000,0x0000000772580000)
 ParOldGen       total 113664K, used 17036K [0x00000006c3600000, 0x00000006ca500000, 0x000000076bd00000)
  object space 113664K, 14% used [0x00000006c3600000,0x00000006c46a31f0,0x00000006ca500000)
 Metaspace       used 34787K, capacity 35272K, committed 35456K, reserved 1079296K
  class space    used 4508K, capacity 4662K, committed 4736K, reserved 1048576K
Event: 2.205 GC heap after
Heap after GC invocations=6 (full 2):
 PSYoungGen      total 107008K, used 0K [0x000000076bd00000, 0x0000000773100000, 0x00000007c0000000)
  eden space 96256K, 0% used [0x000000076bd00000,0x000000076bd00000,0x0000000771b00000)
  from space 10752K, 0% used [0x0000000772580000,0x0000000772580000,0x0000000773000000)
  to   space 10752K, 0% used [0x0000000771b00000,0x0000000771b00000,0x0000000772580000)
 ParOldGen       total 182272K, used 18623K [0x00000006c3600000, 0x00000006ce800000, 0x000000076bd00000)
  object space 182272K, 10% used [0x00000006c3600000,0x00000006c482feb8,0x00000006ce800000)
 Metaspace       used 34787K, capacity 35272K, committed 35456K, reserved 1079296K
  class space    used 4508K, capacity 4662K, committed 4736K, reserved 1048576K
}
Event: 3.110 GC heap before
{Heap before GC invocations=7 (full 2):
 PSYoungGen      total 107008K, used 96256K [0x000000076bd00000, 0x0000000773100000, 0x00000007c0000000)
  eden space 96256K, 100% used [0x000000076bd00000,0x0000000771b00000,0x0000000771b00000)
  from space 10752K, 0% used [0x0000000772580000,0x0000000772580000,0x0000000773000000)
  to   space 10752K, 0% used [0x0000000771b00000,0x0000000771b00000,0x0000000772580000)
 ParOldGen       total 182272K, used 18623K [0x00000006c3600000, 0x00000006ce800000, 0x000000076bd00000)
  object space 182272K, 10% used [0x00000006c3600000,0x00000006c482feb8,0x00000006ce800000)
 Metaspace       used 40759K, capacity 41446K, committed 41600K, reserved 1085440K
  class space    used 5054K, capacity 5244K, committed 5248K, reserved 1048576K
Event: 3.122 GC heap after
Heap after GC invocations=7 (full 2):
 PSYoungGen      total 107008K, used 10748K [0x000000076bd00000, 0x0000000776900000, 0x00000007c0000000)
  eden space 96256K, 0% used [0x000000076bd00000,0x000000076bd00000,0x0000000771b00000)
  from space 10752K, 99% used [0x0000000771b00000,0x000000077257f328,0x0000000772580000)
  to   space 20480K, 0% used [0x0000000775500000,0x0000000775500000,0x0000000776900000)
 ParOldGen       total 182272K, used 26079K [0x00000006c3600000, 0x00000006ce800000, 0x000000076bd00000)
  object space 182272K, 14% used [0x00000006c3600000,0x00000006c4f77e48,0x00000006ce800000)
 Metaspace       used 40759K, capacity 41446K, committed 41600K, reserved 1085440K
  class space    used 5054K, capacity 5244K, committed 5248K, reserved 1048576K
}

Deoptimization events (10 events):
Event: 3.141 Thread 0x0000000002a15000 Uncommon trap: reason=class_check action=maybe_recompile pc=0x00000000037839b4 method=java.util.regex.Matcher.match(II)Z @ 86
Event: 3.144 Thread 0x0000000002a15000 Uncommon trap: reason=class_check action=maybe_recompile pc=0x00000000037839b4 method=java.util.regex.Matcher.match(II)Z @ 86
Event: 3.144 Thread 0x0000000002a15000 Uncommon trap: reason=class_check action=maybe_recompile pc=0x00000000037839b4 method=java.util.regex.Matcher.match(II)Z @ 86
Event: 3.144 Thread 0x0000000002a15000 Uncommon trap: reason=class_check action=maybe_recompile pc=0x00000000037839b4 method=java.util.regex.Matcher.match(II)Z @ 86
Event: 3.152 Thread 0x0000000002a15000 Uncommon trap: reason=class_check action=maybe_recompile pc=0x00000000037fba70 method=org.jetbrains.kotlin.serialization.deserialization.descriptors.DeserializedPackageMemberScope.hasClass(Lorg/jetbrains/kotlin/name/Name;)Z @ 28
Event: 3.153 Thread 0x0000000002a15000 Uncommon trap: reason=class_check action=maybe_recompile pc=0x00000000037fba70 method=org.jetbrains.kotlin.serialization.deserialization.descriptors.DeserializedPackageMemberScope.hasClass(Lorg/jetbrains/kotlin/name/Name;)Z @ 28
Event: 3.153 Thread 0x0000000002a15000 Uncommon trap: reason=class_check action=maybe_recompile pc=0x00000000037fba70 method=org.jetbrains.kotlin.serialization.deserialization.descriptors.DeserializedPackageMemberScope.hasClass(Lorg/jetbrains/kotlin/name/Name;)Z @ 28
Event: 3.153 Thread 0x0000000002a15000 Uncommon trap: reason=class_check action=maybe_recompile pc=0x00000000037fba70 method=org.jetbrains.kotlin.serialization.deserialization.descriptors.DeserializedPackageMemberScope.hasClass(Lorg/jetbrains/kotlin/name/Name;)Z @ 28
Event: 3.153 Thread 0x0000000002a15000 Uncommon trap: reason=class_check action=maybe_recompile pc=0x0000000003801654 method=org.jetbrains.kotlin.serialization.deserialization.descriptors.DeserializedPackageMemberScope.hasClass(Lorg/jetbrains/kotlin/name/Name;)Z @ 28
Event: 3.153 Thread 0x0000000002a15000 Uncommon trap: reason=class_check action=maybe_recompile pc=0x000000000382c504 method=org.jetbrains.kotlin.serialization.deserialization.descriptors.DeserializedPackageMemberScope.hasClass(Lorg/jetbrains/kotlin/name/Name;)Z @ 28

Classes redefined (0 events):
No events

Internal exceptions (10 events):
Event: 0.970 Thread 0x0000000002a15000 Exception <a 'java/lang/NoSuchMethodError': java.lang.Object.lambda$static$0()J> (0x000000076bd30960) thrown at [D:\src\AOSP-openjdk-cygwin\jdk8u\hotspot\src\share\vm\interpreter\linkResolver.cpp, line 620]
Event: 1.071 Thread 0x0000000002a15000 Exception <a 'java/lang/NoSuchMethodError': java.lang.Object.lambda$static$0(I)[Lorg/jetbrains/kotlin/com/intellij/openapi/editor/event/DocumentListener;> (0x000000076c53ee50) thrown at [D:\src\AOSP-openjdk-cygwin\jdk8u\hotspot\src\share\vm\interpreter\li
Event: 1.093 Thread 0x0000000002a15000 Exception <a 'java/lang/NoSuchMethodError': java.lang.Object.lambda$static$0(I)[Lorg/jetbrains/kotlin/com/intellij/psi/PsiAnnotation;> (0x000000076c760da8) thrown at [D:\src\AOSP-openjdk-cygwin\jdk8u\hotspot\src\share\vm\interpreter\linkResolver.cpp, line
Event: 1.150 Thread 0x0000000002a15000 Exception <a 'java/lang/NoSuchMethodError': java.lang.Object.lambda$static$0(I)[Lorg/jetbrains/kotlin/com/intellij/psi/PsiElement;> (0x000000076cc59708) thrown at [D:\src\AOSP-openjdk-cygwin\jdk8u\hotspot\src\share\vm\interpreter\linkResolver.cpp, line 62
Event: 1.609 Thread 0x0000000002a15000 Exception <a 'java/lang/ArrayIndexOutOfBoundsException': 126> (0x000000076e489310) thrown at [D:\src\AOSP-openjdk-cygwin\jdk8u\hotspot\src\share\vm\interpreter\interpreterRuntime.cpp, line 368]
Event: 1.609 Thread 0x0000000002a15000 Exception <a 'java/lang/ArrayIndexOutOfBoundsException': 86> (0x000000076e48a798) thrown at [D:\src\AOSP-openjdk-cygwin\jdk8u\hotspot\src\share\vm\interpreter\interpreterRuntime.cpp, line 368]
Event: 2.058 Thread 0x0000000002a15000 Exception <a 'java/lang/NoSuchMethodError': java.lang.Object.lambda$static$0(I)[Lorg/jetbrains/kotlin/psi/KtExpression;> (0x000000076cd7df30) thrown at [D:\src\AOSP-openjdk-cygwin\jdk8u\hotspot\src\share\vm\interpreter\linkResolver.cpp, line 620]
Event: 2.088 Thread 0x0000000002a15000 Exception <a 'java/lang/NoSuchMethodError': java.lang.Object.lambda$static$0(I)[Lorg/jetbrains/kotlin/psi/KtDeclaration;> (0x000000076d03c898) thrown at [D:\src\AOSP-openjdk-cygwin\jdk8u\hotspot\src\share\vm\interpreter\linkResolver.cpp, line 620]
Event: 2.104 Thread 0x0000000002a15000 Exception <a 'java/lang/NoSuchMethodError': java.lang.Object.lambda$static$0(I)[Lorg/jetbrains/kotlin/psi/KtTypeElement;> (0x000000076d17e528) thrown at [D:\src\AOSP-openjdk-cygwin\jdk8u\hotspot\src\share\vm\interpreter\linkResolver.cpp, line 620]
Event: 2.477 Thread 0x0000000002a15000 Exception <a 'java/lang/NoSuchMethodError': java.lang.Object.lambda$static$0(I)[Lorg/jetbrains/kotlin/com/intellij/psi/PsiClass;> (0x000000076e47a110) thrown at [D:\src\AOSP-openjdk-cygwin\jdk8u\hotspot\src\share\vm\interpreter\linkResolver.cpp, line 620]

Events (10 events):
Event: 3.194 loading class org/jetbrains/kotlin/contracts/model/structure/ESNullableAnyType
Event: 3.194 loading class org/jetbrains/kotlin/contracts/model/structure/ESNullableAnyType done
Event: 3.194 loading class org/jetbrains/kotlin/contracts/EffectSystem$getContextInfoWhen$$inlined$filterIsInstance$1
Event: 3.194 loading class org/jetbrains/kotlin/contracts/EffectSystem$getContextInfoWhen$$inlined$filterIsInstance$1 done
Event: 3.194 loading class org/jetbrains/kotlin/contracts/EffectsExtractingVisitor
Event: 3.194 loading class org/jetbrains/kotlin/contracts/EffectsExtractingVisitor done
Event: 3.196 loading class org/jetbrains/kotlin/contracts/model/visitors/Reducer
Event: 3.196 loading class org/jetbrains/kotlin/contracts/model/visitors/Reducer done
Event: 3.196 loading class org/jetbrains/kotlin/contracts/model/ESExpressionVisitor
Event: 3.196 loading class org/jetbrains/kotlin/contracts/model/ESExpressionVisitor done


Dynamic libraries:
0x00007ff72a430000 - 0x00007ff72a461000 	C:\Program Files\Android\Android Studio\jre\jre\bin\java.exe
0x00007ffd70ca0000 - 0x00007ffd70e90000 	C:\Windows\SYSTEM32\ntdll.dll
0x00007ffd6f250000 - 0x00007ffd6f302000 	C:\Windows\System32\KERNEL32.DLL
0x00007ffd6e700000 - 0x00007ffd6e9a3000 	C:\Windows\System32\KERNELBASE.dll
0x00007ffd6fd00000 - 0x00007ffd6fda3000 	C:\Windows\System32\ADVAPI32.dll
0x00007ffd6f440000 - 0x00007ffd6f4de000 	C:\Windows\System32\msvcrt.dll
0x00007ffd6fc60000 - 0x00007ffd6fcf7000 	C:\Windows\System32\sechost.dll
0x00007ffd6ffd0000 - 0x00007ffd700f0000 	C:\Windows\System32\RPCRT4.dll
0x00007ffd70850000 - 0x00007ffd709e4000 	C:\Windows\System32\USER32.dll
0x00007ffd6dc30000 - 0x00007ffd6dc51000 	C:\Windows\System32\win32u.dll
0x00007ffd6f310000 - 0x00007ffd6f336000 	C:\Windows\System32\GDI32.dll
0x00007ffd6ebb0000 - 0x00007ffd6ed44000 	C:\Windows\System32\gdi32full.dll
0x00007ffd6e640000 - 0x00007ffd6e6de000 	C:\Windows\System32\msvcp_win.dll
0x00007ffd6dc60000 - 0x00007ffd6dd5a000 	C:\Windows\System32\ucrtbase.dll
0x00007ffd55000000 - 0x00007ffd55285000 	C:\Windows\WinSxS\amd64_microsoft.windows.common-controls_6595b64144ccf1df_6.0.18362.476_none_e6c4b11b130f2595\COMCTL32.dll
0x00007ffd6f8a0000 - 0x00007ffd6fbd6000 	C:\Windows\System32\combase.dll
0x00007ffd6dd60000 - 0x00007ffd6dde0000 	C:\Windows\System32\bcryptPrimitives.dll
0x00007ffd6f340000 - 0x00007ffd6f36e000 	C:\Windows\System32\IMM32.DLL
0x00007ffd446c0000 - 0x00007ffd44772000 	C:\Program Files\McAfee\Endpoint Security\Threat Prevention\Ips\EpMPApi.dll
0x00007ffd6e5b0000 - 0x00007ffd6e60c000 	C:\Windows\System32\WINTRUST.dll
0x00007ffd6dbf0000 - 0x00007ffd6dc02000 	C:\Windows\System32\MSASN1.dll
0x00007ffd6e9b0000 - 0x00007ffd6eaf9000 	C:\Windows\System32\CRYPT32.dll
0x0000000072490000 - 0x000000007249c000 	C:\Program Files\McAfee\Endpoint Security\Threat Prevention\Ips\EpMPThe.dll
0x00007ffd3f270000 - 0x00007ffd3f28b000 	C:\Program Files\McAfee\Endpoint Security\Threat Prevention\Ips\HIPHandlers64.dll
0x00007ffd70a60000 - 0x00007ffd70ab2000 	C:\Windows\System32\SHLWAPI.dll
0x0000000073bb0000 - 0x0000000073c82000 	C:\Program Files\Android\Android Studio\jre\jre\bin\msvcr100.dll
0x0000000071a40000 - 0x0000000072286000 	C:\Program Files\Android\Android Studio\jre\jre\bin\server\jvm.dll
0x00007ffd6ed50000 - 0x00007ffd6ed58000 	C:\Windows\System32\PSAPI.DLL
0x00007ffd527b0000 - 0x00007ffd527b9000 	C:\Windows\SYSTEM32\WSOCK32.dll
0x00007ffd6b6b0000 - 0x00007ffd6b6d4000 	C:\Windows\SYSTEM32\WINMM.dll
0x00007ffd6ccd0000 - 0x00007ffd6ccda000 	C:\Windows\SYSTEM32\VERSION.dll
0x00007ffd709f0000 - 0x00007ffd70a5f000 	C:\Windows\System32\WS2_32.dll
0x00007ffd6b680000 - 0x00007ffd6b6ad000 	C:\Windows\SYSTEM32\WINMMBASE.dll
0x00007ffd6e560000 - 0x00007ffd6e5aa000 	C:\Windows\System32\cfgmgr32.dll
0x00007ffd5bcf0000 - 0x00007ffd5bcff000 	C:\Program Files\Android\Android Studio\jre\jre\bin\verify.dll
0x00007ffd430a0000 - 0x00007ffd430c9000 	C:\Program Files\Android\Android Studio\jre\jre\bin\java.dll
0x00007ffd486d0000 - 0x00007ffd486e6000 	C:\Program Files\Android\Android Studio\jre\jre\bin\zip.dll
0x00007ffd700f0000 - 0x00007ffd707d5000 	C:\Windows\System32\SHELL32.dll
0x00007ffd6f7f0000 - 0x00007ffd6f899000 	C:\Windows\System32\shcore.dll
0x00007ffd6dde0000 - 0x00007ffd6e55e000 	C:\Windows\System32\windows.storage.dll
0x00007ffd6dc10000 - 0x00007ffd6dc2f000 	C:\Windows\System32\profapi.dll
0x00007ffd6dba0000 - 0x00007ffd6dbea000 	C:\Windows\System32\powrprof.dll
0x00007ffd6db70000 - 0x00007ffd6db80000 	C:\Windows\System32\UMPDC.dll
0x00007ffd6db80000 - 0x00007ffd6db91000 	C:\Windows\System32\kernel.appcore.dll
0x00007ffd6e6e0000 - 0x00007ffd6e6f7000 	C:\Windows\System32\cryptsp.dll
0x00007ffd46f50000 - 0x00007ffd46f6a000 	C:\Program Files\Android\Android Studio\jre\jre\bin\net.dll
0x00007ffd6d380000 - 0x00007ffd6d3e7000 	C:\Windows\system32\mswsock.dll
0x00007ffd46ea0000 - 0x00007ffd46eb1000 	C:\Program Files\Android\Android Studio\jre\jre\bin\nio.dll

VM Arguments:
java_command: org.jetbrains.kotlin.cli.jvm.K2JVMCompiler -Xallow-no-source-files -classpath D:\Users\stapade\.gradle\caches\modules-2\files-2.1\org.jetbrains.kotlin\kotlin-android-extensions-runtime\1.3.50\bec16087637a7cafe54894e73d38037977cb30d2\kotlin-android-extensions-runtime-1.3.50.jar;D:\Users\stapade\.gradle\caches\modules-2\files-2.1\org.jetbrains.kotlin\kotlin-stdlib-jdk7\1.3.50\50ad05ea1c2595fb31b800e76db464d08d599af3\kotlin-stdlib-jdk7-1.3.50.jar;D:\Users\stapade\.gradle\caches\transforms-2\files-2.1\baf6a09ea1fab5ebe94dc18f73e6f547\core-ktx-1.0.2-api.jar;D:\Users\stapade\.gradle\caches\modules-2\files-2.1\org.jetbrains.kotlin\kotlin-stdlib\1.3.50\b529d1738c7e98bbfa36a4134039528f2ce78ebf\kotlin-stdlib-1.3.50.jar;D:\Users\stapade\.gradle\caches\modules-2\files-2.1\org.jetbrains.kotlin\kotlin-stdlib-common\1.3.50\3d9cd3e1bc7b92e95f43d45be3bfbcf38e36ab87\kotlin-stdlib-common-1.3.50.jar;D:\Users\stapade\.gradle\caches\modules-2\files-2.1\org.jetbrains\annotations\13.0\919f0dfe192fb4e063e7dacadee7f8bb9a2672a9\annotations-13.0.jar;D:\Users\stapade\.gradle\caches\transforms-2\files-2.1\fff8a16dfb870bc1af7fdeab1f555e65\appcompat-1.0.2-api.jar;D:\Users\stapade\.gradle\caches\transforms-2\files-2.1\1c760db8877a49bfa7232ddd9f01bb32\fragment-1.0.0-api.jar;D:\Users\stapade\.gradle\caches\transforms-2\files-2.1\f8352427d5deb2bae3695048fb509031\vectordrawable-animated-1.0.0-api.jar;D:\Users\stapade\.gradle\caches\transforms-2\files-2.1\5b087043fcd079bb93a09c246576294e\legacy-support-core-ui-1.0.0-api.jar;D:\Users\stapade\.gradle\caches\transforms-2\files-2.1\e0b37d9403497232bc7ad39171c5ce93\legacy-support-core-utils-1.0.0-api.jar;D:\Users\stapade\.gradle\caches\transforms-2\files-2.1\a6a2130e9caa9ebfd566f5d75cb4e491\vectordrawable-1.0.1-api.jar;D:\Users\stapade\.gradle\caches\transforms-2\files-2.1\45f8209ee39e13f3cab9d7b0e8f651dd\loader-1.0.0-api.jar;D:\Users\stapade\.gradle\caches\transforms-2\files-2.1\030ed8ffbf8d3c58633260185d89ea67\viewpager-1.0.0-api.jar;D:\Use
java_class_path (initial): D:\Users\stapade\.gradle\caches\modules-2\files-2.1\org.jetbrains.kotlin\kotlin-compiler-embeddable\1.3.50\1251c1768e5769b06c2487d6f6cf8acf6efb8960\kotlin-compiler-embeddable-1.3.50.jar;D:\Users\stapade\.gradle\caches\modules-2\files-2.1\org.jetbrains.kotlin\kotlin-reflect\1.3.50\b499f22fd7c3e9c2e5b6c4005221fa47fc7f9a7a\kotlin-reflect-1.3.50.jar;D:\Users\stapade\.gradle\caches\modules-2\files-2.1\org.jetbrains.kotlin\kotlin-stdlib\1.3.50\b529d1738c7e98bbfa36a4134039528f2ce78ebf\kotlin-stdlib-1.3.50.jar;D:\Users\stapade\.gradle\caches\modules-2\files-2.1\org.jetbrains.kotlin\kotlin-script-runtime\1.3.50\59492b8dfb92522ba0ddb5dd1c4d0ef0a4fca1af\kotlin-script-runtime-1.3.50.jar;D:\Users\stapade\.gradle\caches\modules-2\files-2.1\org.jetbrains.kotlin\kotlin-daemon-embeddable\1.3.50\5cb93bb33f4c6f833ead0beca4c831668e00cf52\kotlin-daemon-embeddable-1.3.50.jar;D:\Users\stapade\.gradle\caches\modules-2\files-2.1\org.jetbrains.intellij.deps\trove4j\1.0.20181211\216c2e14b070f334479d800987affe4054cd563f\trove4j-1.0.20181211.jar;D:\Users\stapade\.gradle\caches\modules-2\files-2.1\org.jetbrains.kotlin\kotlin-stdlib-common\1.3.50\3d9cd3e1bc7b92e95f43d45be3bfbcf38e36ab87\kotlin-stdlib-common-1.3.50.jar;D:\Users\stapade\.gradle\caches\modules-2\files-2.1\org.jetbrains\annotations\13.0\919f0dfe192fb4e063e7dacadee7f8bb9a2672a9\annotations-13.0.jar;C:\Program Files\Android\Android Studio\jre\lib\tools.jar
Launcher Type: SUN_STANDARD

Environment Variables:
JAVA_HOME=C:\Program Files\Java
PATH=C:\Windows\system32;C:\Windows;C:\Windows\System32\Wbem;C:\Windows\System32\WindowsPowerShell\v1.0\;C:\Windows\System32\OpenSSH\;C:\Program Files\Intel\WiFi\bin\;C:\Program Files\Common Files\Intel\WirelessCommon\;C:\Program Files\PuTTY\;C:\Program Files\Java\bin;C:\Program Files\nodejs\;D:\Users\stapade\AppData\Local\Microsoft\WindowsApps;D:\Users\stapade\AppData\Roaming\npm;D:\Users\stapade\AppData\Local\Programs\Git\cmd
USERNAME=stapade
OS=Windows_NT
PROCESSOR_IDENTIFIER=Intel64 Family 6 Model 142 Stepping 11, GenuineIntel



---------------  S Y S T E M  ---------------

OS: Windows 10.0 , 64 bit Build 18362 (10.0.18362.329)

CPU:total 8 (initial active 8) (4 cores per cpu, 2 threads per core) family 6 model 142 stepping 11, cmov, cx8, fxsr, mmx, sse, sse2, sse3, ssse3, sse4.1, sse4.2, popcnt, avx, avx2, aes, clmul, erms, 3dnowpref, lzcnt, ht, tsc, tscinvbit, bmi1, bmi2, adx

Memory: 4k page, physical 16551892k(3145828k free), swap 16551892k(5456k free)

vm_info: OpenJDK 64-Bit Server VM (25.202-b03) for windows-amd64 JRE (1.8.0_202-release-1483-b03), built by "builder" with MS VC++ 10.0 (VS2010)

time: Tue Jul 07 12:44:22 2020
timezone: India Standard Time
elapsed time: 3 seconds (0d 0h 0m 3s)

